<?xml version="1.0" encoding="UTF-8"?>
<coverage generated="1697657695153" clover="3.2.0">
  <project timestamp="1697657695153" name="All files">
    <metrics statements="50" coveredstatements="42" conditionals="10" coveredconditionals="8" methods="37" coveredmethods="27" elements="97" coveredelements="77" complexity="0" loc="50" ncloc="50" packages="1" files="2" classes="2"/>
    <file name="todo.js" path="/Users/amir/repos/LaunchSchool/JS130/todo.js">
      <metrics statements="11" coveredstatements="10" conditionals="2" coveredconditionals="2" methods="6" coveredmethods="5"/>
      <line num="2" count="1" type="stmt"/>
      <line num="3" count="1" type="stmt"/>
      <line num="6" count="54" type="stmt"/>
      <line num="7" count="54" type="stmt"/>
      <line num="11" count="11" type="cond" truecount="2" falsecount="0"/>
      <line num="12" count="11" type="stmt"/>
      <line num="16" count="12" type="stmt"/>
      <line num="20" count="1" type="stmt"/>
      <line num="24" count="27" type="stmt"/>
      <line num="28" count="0" type="stmt"/>
      <line num="32" count="1" type="stmt"/>
    </file>
    <file name="todolist.js" path="/Users/amir/repos/LaunchSchool/JS130/todolist.js">
      <metrics statements="39" coveredstatements="32" conditionals="8" coveredconditionals="6" methods="31" coveredmethods="22"/>
      <line num="1" count="1" type="stmt"/>
      <line num="5" count="20" type="stmt"/>
      <line num="6" count="20" type="stmt"/>
      <line num="10" count="57" type="cond" truecount="2" falsecount="0"/>
      <line num="11" count="1" type="stmt"/>
      <line num="14" count="56" type="stmt"/>
      <line num="18" count="2" type="stmt"/>
      <line num="22" count="1" type="stmt"/>
      <line num="26" count="1" type="stmt"/>
      <line num="30" count="8" type="stmt"/>
      <line num="31" count="5" type="stmt"/>
      <line num="35" count="3" type="stmt"/>
      <line num="39" count="2" type="stmt"/>
      <line num="43" count="4" type="stmt"/>
      <line num="47" count="1" type="stmt"/>
      <line num="51" count="1" type="stmt"/>
      <line num="55" count="2" type="stmt"/>
      <line num="56" count="1" type="stmt"/>
      <line num="60" count="5" type="stmt"/>
      <line num="61" count="11" type="stmt"/>
      <line num="62" count="5" type="stmt"/>
      <line num="66" count="4" type="stmt"/>
      <line num="70" count="1" type="stmt"/>
      <line num="71" count="1" type="stmt"/>
      <line num="72" count="3" type="cond" truecount="2" falsecount="0"/>
      <line num="73" count="1" type="stmt"/>
      <line num="77" count="1" type="stmt"/>
      <line num="81" count="0" type="stmt"/>
      <line num="85" count="0" type="stmt"/>
      <line num="89" count="0" type="stmt"/>
      <line num="93" count="0" type="stmt"/>
      <line num="94" count="0" type="cond" truecount="0" falsecount="2"/>
      <line num="95" count="0" type="stmt"/>
      <line num="100" count="6" type="stmt"/>
      <line num="104" count="0" type="stmt"/>
      <line num="108" count="4" type="stmt"/>
      <line num="112" count="10" type="cond" truecount="2" falsecount="0"/>
      <line num="113" count="4" type="stmt"/>
      <line num="118" count="1" type="stmt"/>
    </file>
  </project>
</coverage>
